00:48:53 **** Build of configuration Release for project Arduino_Mega_2560_or_Mega_ADK ****
make all 
Building file: /Applications/Development/Arduino.app/Contents/Resources/Java/hardware/arduino/cores/arduino/CDC.cpp
Invoking: AVR C++ Compiler
avr-g++ -I"/Applications/Development/Arduino.app/Contents/Resources/Java/hardware/arduino/cores/arduino" -I"/Applications/Development/Arduino.app/Contents/Resources/Java/hardware/arduino/variants/mega" -DUSB_PID= -DUSB_VID= -DARDUINO=100 -Wall -Os -fno-exceptions -g  -ffunction-sections  -fdata-sections -mmcu=atmega2560 -DF_CPU=16000000UL -MMD -MP -MF"arduino/CDC.d" -MT"arduino/CDC.d"  -c -o "arduino/CDC.o" "/Applications/Development/Arduino.app/Contents/Resources/Java/hardware/arduino/cores/arduino/CDC.cpp"
Finished building: /Applications/Development/Arduino.app/Contents/Resources/Java/hardware/arduino/cores/arduino/CDC.cpp
 
Building file: /Applications/Development/Arduino.app/Contents/Resources/Java/hardware/arduino/cores/arduino/HID.cpp
Invoking: AVR C++ Compiler
avr-g++ -I"/Applications/Development/Arduino.app/Contents/Resources/Java/hardware/arduino/cores/arduino" -I"/Applications/Development/Arduino.app/Contents/Resources/Java/hardware/arduino/variants/mega" -DUSB_PID= -DUSB_VID= -DARDUINO=100 -Wall -Os -fno-exceptions -g  -ffunction-sections  -fdata-sections -mmcu=atmega2560 -DF_CPU=16000000UL -MMD -MP -MF"arduino/HID.d" -MT"arduino/HID.d"  -c -o "arduino/HID.o" "/Applications/Development/Arduino.app/Contents/Resources/Java/hardware/arduino/cores/arduino/HID.cpp"
In file included from /Applications/Development/Arduino.app/Contents/Resources/Java/hardware/arduino/cores/arduino/HID.cpp:21:
Finished building: /Applications/Development/Arduino.app/Contents/Resources/Java/hardware/arduino/cores/arduino/HID.cpp
 
/Applications/Development/Arduino.app/Contents/Resources/Java/hardware/arduino/cores/arduino/USBDesc.h:65:1: warning: "USB_VID" redefined
<command-line>: warning: this is the location of the previous definition
/Applications/Development/Arduino.app/Contents/Resources/Java/hardware/arduino/cores/arduino/USBDesc.h:66:1: warning: "USB_PID" redefined
<command-line>: warning: this is the location of the previous definition
Building file: /Applications/Development/Arduino.app/Contents/Resources/Java/hardware/arduino/cores/arduino/HardwareSerial.cpp
Invoking: AVR C++ Compiler
avr-g++ -I"/Applications/Development/Arduino.app/Contents/Resources/Java/hardware/arduino/cores/arduino" -I"/Applications/Development/Arduino.app/Contents/Resources/Java/hardware/arduino/variants/mega" -DUSB_PID= -DUSB_VID= -DARDUINO=100 -Wall -Os -fno-exceptions -g  -ffunction-sections  -fdata-sections -mmcu=atmega2560 -DF_CPU=16000000UL -MMD -MP -MF"arduino/HardwareSerial.d" -MT"arduino/HardwareSerial.d"  -c -o "arduino/HardwareSerial.o" "/Applications/Development/Arduino.app/Contents/Resources/Java/hardware/arduino/cores/arduino/HardwareSerial.cpp"
Finished building: /Applications/Development/Arduino.app/Contents/Resources/Java/hardware/arduino/cores/arduino/HardwareSerial.cpp
 
Building file: /Applications/Development/Arduino.app/Contents/Resources/Java/hardware/arduino/cores/arduino/IPAddress.cpp
Invoking: AVR C++ Compiler
avr-g++ -I"/Applications/Development/Arduino.app/Contents/Resources/Java/hardware/arduino/cores/arduino" -I"/Applications/Development/Arduino.app/Contents/Resources/Java/hardware/arduino/variants/mega" -DUSB_PID= -DUSB_VID= -DARDUINO=100 -Wall -Os -fno-exceptions -g  -ffunction-sections  -fdata-sections -mmcu=atmega2560 -DF_CPU=16000000UL -MMD -MP -MF"arduino/IPAddress.d" -MT"arduino/IPAddress.d"  -c -o "arduino/IPAddress.o" "/Applications/Development/Arduino.app/Contents/Resources/Java/hardware/arduino/cores/arduino/IPAddress.cpp"
Finished building: /Applications/Development/Arduino.app/Contents/Resources/Java/hardware/arduino/cores/arduino/IPAddress.cpp
 
Building file: /Applications/Development/Arduino.app/Contents/Resources/Java/hardware/arduino/cores/arduino/Print.cpp
Invoking: AVR C++ Compiler
avr-g++ -I"/Applications/Development/Arduino.app/Contents/Resources/Java/hardware/arduino/cores/arduino" -I"/Applications/Development/Arduino.app/Contents/Resources/Java/hardware/arduino/variants/mega" -DUSB_PID= -DUSB_VID= -DARDUINO=100 -Wall -Os -fno-exceptions -g  -ffunction-sections  -fdata-sections -mmcu=atmega2560 -DF_CPU=16000000UL -MMD -MP -MF"arduino/Print.d" -MT"arduino/Print.d"  -c -o "arduino/Print.o" "/Applications/Development/Arduino.app/Contents/Resources/Java/hardware/arduino/cores/arduino/Print.cpp"
Finished building: /Applications/Development/Arduino.app/Contents/Resources/Java/hardware/arduino/cores/arduino/Print.cpp
 
Building file: /Applications/Development/Arduino.app/Contents/Resources/Java/hardware/arduino/cores/arduino/Stream.cpp
Invoking: AVR C++ Compiler
avr-g++ -I"/Applications/Development/Arduino.app/Contents/Resources/Java/hardware/arduino/cores/arduino" -I"/Applications/Development/Arduino.app/Contents/Resources/Java/hardware/arduino/variants/mega" -DUSB_PID= -DUSB_VID= -DARDUINO=100 -Wall -Os -fno-exceptions -g  -ffunction-sections  -fdata-sections -mmcu=atmega2560 -DF_CPU=16000000UL -MMD -MP -MF"arduino/Stream.d" -MT"arduino/Stream.d"  -c -o "arduino/Stream.o" "/Applications/Development/Arduino.app/Contents/Resources/Java/hardware/arduino/cores/arduino/Stream.cpp"
Finished building: /Applications/Development/Arduino.app/Contents/Resources/Java/hardware/arduino/cores/arduino/Stream.cpp
 
Building file: /Applications/Development/Arduino.app/Contents/Resources/Java/hardware/arduino/cores/arduino/Tone.cpp
Invoking: AVR C++ Compiler
avr-g++ -I"/Applications/Development/Arduino.app/Contents/Resources/Java/hardware/arduino/cores/arduino" -I"/Applications/Development/Arduino.app/Contents/Resources/Java/hardware/arduino/variants/mega" -DUSB_PID= -DUSB_VID= -DARDUINO=100 -Wall -Os -fno-exceptions -g  -ffunction-sections  -fdata-sections -mmcu=atmega2560 -DF_CPU=16000000UL -MMD -MP -MF"arduino/Tone.d" -MT"arduino/Tone.d"  -c -o "arduino/Tone.o" "/Applications/Development/Arduino.app/Contents/Resources/Java/hardware/arduino/cores/arduino/Tone.cpp"
/Applications/Development/Arduino.app/Contents/Resources/Java/hardware/arduino/cores/arduino/Tone.cpp:93: warning: only initialized variables can be placed into program memory area
Finished building: /Applications/Development/Arduino.app/Contents/Resources/Java/hardware/arduino/cores/arduino/Tone.cpp
 
Building file: /Applications/Development/Arduino.app/Contents/Resources/Java/hardware/arduino/cores/arduino/USBCore.cpp
Invoking: AVR C++ Compiler
avr-g++ -I"/Applications/Development/Arduino.app/Contents/Resources/Java/hardware/arduino/cores/arduino" -I"/Applications/Development/Arduino.app/Contents/Resources/Java/hardware/arduino/variants/mega" -DUSB_PID= -DUSB_VID= -DARDUINO=100 -Wall -Os -fno-exceptions -g  -ffunction-sections  -fdata-sections -mmcu=atmega2560 -DF_CPU=16000000UL -MMD -MP -MF"arduino/USBCore.d" -MT"arduino/USBCore.d"  -c -o "arduino/USBCore.o" "/Applications/Development/Arduino.app/Contents/Resources/Java/hardware/arduino/cores/arduino/USBCore.cpp"
In file included from /Applications/Development/Arduino.app/Contents/Resources/Java/hardware/arduino/cores/arduino/USBCore.cpp:21:
/Applications/Development/Arduino.app/Contents/Resources/Java/hardware/arduino/cores/arduino/USBDesc.h:65:1: warning: "USB_VID" redefined
Finished building: /Applications/Development/Arduino.app/Contents/Resources/Java/hardware/arduino/cores/arduino/USBCore.cpp
<command-line>: warning: this is the location of the previous definition
/Applications/Development/Arduino.app/Contents/Resources/Java/hardware/arduino/cores/arduino/USBDesc.h:66:1: warning: "USB_PID" redefined
 
<command-line>: warning: this is the location of the previous definition
Building file: /Applications/Development/Arduino.app/Contents/Resources/Java/hardware/arduino/cores/arduino/WInterrupts.c
Invoking: AVR Compiler
avr-gcc -I"/Applications/Development/Arduino.app/Contents/Resources/Java/hardware/arduino/cores/arduino" -I"/Applications/Development/Arduino.app/Contents/Resources/Java/hardware/arduino/variants/mega" -DUSB_VID= -DUSB_PID= -DARDUINO=100 -Wall -Os -fpack-struct -fshort-enums -std=gnu99 -funsigned-char -funsigned-bitfields -g  -ffunction-sections  -fdata-sections -mmcu=atmega2560 -DF_CPU=16000000UL -MMD -MP -MF"arduino/WInterrupts.d" -MT"arduino/WInterrupts.d"  -c -o "arduino/WInterrupts.o" "/Applications/Development/Arduino.app/Contents/Resources/Java/hardware/arduino/cores/arduino/WInterrupts.c"
Finished building: /Applications/Development/Arduino.app/Contents/Resources/Java/hardware/arduino/cores/arduino/WInterrupts.c
 
Building file: /Applications/Development/Arduino.app/Contents/Resources/Java/hardware/arduino/cores/arduino/WMath.cpp
Invoking: AVR C++ Compiler
avr-g++ -I"/Applications/Development/Arduino.app/Contents/Resources/Java/hardware/arduino/cores/arduino" -I"/Applications/Development/Arduino.app/Contents/Resources/Java/hardware/arduino/variants/mega" -DUSB_PID= -DUSB_VID= -DARDUINO=100 -Wall -Os -fno-exceptions -g  -ffunction-sections  -fdata-sections -mmcu=atmega2560 -DF_CPU=16000000UL -MMD -MP -MF"arduino/WMath.d" -MT"arduino/WMath.d"  -c -o "arduino/WMath.o" "/Applications/Development/Arduino.app/Contents/Resources/Java/hardware/arduino/cores/arduino/WMath.cpp"
Finished building: /Applications/Development/Arduino.app/Contents/Resources/Java/hardware/arduino/cores/arduino/WMath.cpp
 
Building file: /Applications/Development/Arduino.app/Contents/Resources/Java/hardware/arduino/cores/arduino/WString.cpp
Invoking: AVR C++ Compiler
avr-g++ -I"/Applications/Development/Arduino.app/Contents/Resources/Java/hardware/arduino/cores/arduino" -I"/Applications/Development/Arduino.app/Contents/Resources/Java/hardware/arduino/variants/mega" -DUSB_PID= -DUSB_VID= -DARDUINO=100 -Wall -Os -fno-exceptions -g  -ffunction-sections  -fdata-sections -mmcu=atmega2560 -DF_CPU=16000000UL -MMD -MP -MF"arduino/WString.d" -MT"arduino/WString.d"  -c -o "arduino/WString.o" "/Applications/Development/Arduino.app/Contents/Resources/Java/hardware/arduino/cores/arduino/WString.cpp"
Finished building: /Applications/Development/Arduino.app/Contents/Resources/Java/hardware/arduino/cores/arduino/WString.cpp
 
Building file: /Applications/Development/Arduino.app/Contents/Resources/Java/hardware/arduino/cores/arduino/main.cpp
Invoking: AVR C++ Compiler
avr-g++ -I"/Applications/Development/Arduino.app/Contents/Resources/Java/hardware/arduino/cores/arduino" -I"/Applications/Development/Arduino.app/Contents/Resources/Java/hardware/arduino/variants/mega" -DUSB_PID= -DUSB_VID= -DARDUINO=100 -Wall -Os -fno-exceptions -g  -ffunction-sections  -fdata-sections -mmcu=atmega2560 -DF_CPU=16000000UL -MMD -MP -MF"arduino/main.d" -MT"arduino/main.d"  -c -o "arduino/main.o" "/Applications/Development/Arduino.app/Contents/Resources/Java/hardware/arduino/cores/arduino/main.cpp"
Finished building: /Applications/Development/Arduino.app/Contents/Resources/Java/hardware/arduino/cores/arduino/main.cpp
 
Building file: /Applications/Development/Arduino.app/Contents/Resources/Java/hardware/arduino/cores/arduino/new.cpp
Invoking: AVR C++ Compiler
avr-g++ -I"/Applications/Development/Arduino.app/Contents/Resources/Java/hardware/arduino/cores/arduino" -I"/Applications/Development/Arduino.app/Contents/Resources/Java/hardware/arduino/variants/mega" -DUSB_PID= -DUSB_VID= -DARDUINO=100 -Wall -Os -fno-exceptions -g  -ffunction-sections  -fdata-sections -mmcu=atmega2560 -DF_CPU=16000000UL -MMD -MP -MF"arduino/new.d" -MT"arduino/new.d"  -c -o "arduino/new.o" "/Applications/Development/Arduino.app/Contents/Resources/Java/hardware/arduino/cores/arduino/new.cpp"
Finished building: /Applications/Development/Arduino.app/Contents/Resources/Java/hardware/arduino/cores/arduino/new.cpp
 
Building file: /Applications/Development/Arduino.app/Contents/Resources/Java/hardware/arduino/cores/arduino/wiring.c
Invoking: AVR Compiler
avr-gcc -I"/Applications/Development/Arduino.app/Contents/Resources/Java/hardware/arduino/cores/arduino" -I"/Applications/Development/Arduino.app/Contents/Resources/Java/hardware/arduino/variants/mega" -DUSB_VID= -DUSB_PID= -DARDUINO=100 -Wall -Os -fpack-struct -fshort-enums -std=gnu99 -funsigned-char -funsigned-bitfields -g  -ffunction-sections  -fdata-sections -mmcu=atmega2560 -DF_CPU=16000000UL -MMD -MP -MF"arduino/wiring.d" -MT"arduino/wiring.d"  -c -o "arduino/wiring.o" "/Applications/Development/Arduino.app/Contents/Resources/Java/hardware/arduino/cores/arduino/wiring.c"
Finished building: /Applications/Development/Arduino.app/Contents/Resources/Java/hardware/arduino/cores/arduino/wiring.c
 
Building file: /Applications/Development/Arduino.app/Contents/Resources/Java/hardware/arduino/cores/arduino/wiring_analog.c
Invoking: AVR Compiler
avr-gcc -I"/Applications/Development/Arduino.app/Contents/Resources/Java/hardware/arduino/cores/arduino" -I"/Applications/Development/Arduino.app/Contents/Resources/Java/hardware/arduino/variants/mega" -DUSB_VID= -DUSB_PID= -DARDUINO=100 -Wall -Os -fpack-struct -fshort-enums -std=gnu99 -funsigned-char -funsigned-bitfields -g  -ffunction-sections  -fdata-sections -mmcu=atmega2560 -DF_CPU=16000000UL -MMD -MP -MF"arduino/wiring_analog.d" -MT"arduino/wiring_analog.d"  -c -o "arduino/wiring_analog.o" "/Applications/Development/Arduino.app/Contents/Resources/Java/hardware/arduino/cores/arduino/wiring_analog.c"
Finished building: /Applications/Development/Arduino.app/Contents/Resources/Java/hardware/arduino/cores/arduino/wiring_analog.c
 
Building file: /Applications/Development/Arduino.app/Contents/Resources/Java/hardware/arduino/cores/arduino/wiring_digital.c
Invoking: AVR Compiler
avr-gcc -I"/Applications/Development/Arduino.app/Contents/Resources/Java/hardware/arduino/cores/arduino" -I"/Applications/Development/Arduino.app/Contents/Resources/Java/hardware/arduino/variants/mega" -DUSB_VID= -DUSB_PID= -DARDUINO=100 -Wall -Os -fpack-struct -fshort-enums -std=gnu99 -funsigned-char -funsigned-bitfields -g  -ffunction-sections  -fdata-sections -mmcu=atmega2560 -DF_CPU=16000000UL -MMD -MP -MF"arduino/wiring_digital.d" -MT"arduino/wiring_digital.d"  -c -o "arduino/wiring_digital.o" "/Applications/Development/Arduino.app/Contents/Resources/Java/hardware/arduino/cores/arduino/wiring_digital.c"
Finished building: /Applications/Development/Arduino.app/Contents/Resources/Java/hardware/arduino/cores/arduino/wiring_digital.c
 
Building file: /Applications/Development/Arduino.app/Contents/Resources/Java/hardware/arduino/cores/arduino/wiring_pulse.c
Invoking: AVR Compiler
avr-gcc -I"/Applications/Development/Arduino.app/Contents/Resources/Java/hardware/arduino/cores/arduino" -I"/Applications/Development/Arduino.app/Contents/Resources/Java/hardware/arduino/variants/mega" -DUSB_VID= -DUSB_PID= -DARDUINO=100 -Wall -Os -fpack-struct -fshort-enums -std=gnu99 -funsigned-char -funsigned-bitfields -g  -ffunction-sections  -fdata-sections -mmcu=atmega2560 -DF_CPU=16000000UL -MMD -MP -MF"arduino/wiring_pulse.d" -MT"arduino/wiring_pulse.d"  -c -o "arduino/wiring_pulse.o" "/Applications/Development/Arduino.app/Contents/Resources/Java/hardware/arduino/cores/arduino/wiring_pulse.c"
avr-ar: creating libArduino_Mega_2560_or_Mega_ADK.a
Finished building: /Applications/Development/Arduino.app/Contents/Resources/Java/hardware/arduino/cores/arduino/wiring_pulse.c
 
Building file: /Applications/Development/Arduino.app/Contents/Resources/Java/hardware/arduino/cores/arduino/wiring_shift.c
Invoking: AVR Compiler
avr-gcc -I"/Applications/Development/Arduino.app/Contents/Resources/Java/hardware/arduino/cores/arduino" -I"/Applications/Development/Arduino.app/Contents/Resources/Java/hardware/arduino/variants/mega" -DUSB_VID= -DUSB_PID= -DARDUINO=100 -Wall -Os -fpack-struct -fshort-enums -std=gnu99 -funsigned-char -funsigned-bitfields -g  -ffunction-sections  -fdata-sections -mmcu=atmega2560 -DF_CPU=16000000UL -MMD -MP -MF"arduino/wiring_shift.d" -MT"arduino/wiring_shift.d"  -c -o "arduino/wiring_shift.o" "/Applications/Development/Arduino.app/Contents/Resources/Java/hardware/arduino/cores/arduino/wiring_shift.c"
Finished building: /Applications/Development/Arduino.app/Contents/Resources/Java/hardware/arduino/cores/arduino/wiring_shift.c
 
Building target: libArduino_Mega_2560_or_Mega_ADK.a
Invoking: AVR Archiver
avr-ar -r  "libArduino_Mega_2560_or_Mega_ADK.a"  ./arduino/CDC.o ./arduino/HID.o ./arduino/HardwareSerial.o ./arduino/IPAddress.o ./arduino/Print.o ./arduino/Stream.o ./arduino/Tone.o ./arduino/USBCore.o ./arduino/WInterrupts.o ./arduino/WMath.o ./arduino/WString.o ./arduino/main.o ./arduino/new.o ./arduino/wiring.o ./arduino/wiring_analog.o ./arduino/wiring_digital.o ./arduino/wiring_pulse.o ./arduino/wiring_shift.o  
Finished building target: libArduino_Mega_2560_or_Mega_ADK.a
 
Invoking: AVR Create Extended Listing
avr-objdump -h -S libArduino_Mega_2560_or_Mega_ADK.a  >"libArduino_Mega_2560_or_Mega_ADK.lss"
Finished building: libArduino_Mega_2560_or_Mega_ADK.lss
 
Invoking: Print Size
avr-size --format=avr --mcu=atmega2560 libArduino_Mega_2560_or_Mega_ADK.a
AVR Memory Usage
----------------
Device: atmega2560

Program:       0 bytes (0.0% Full)
(.text + .data + .bootloader)

Data:          0 bytes (0.0% Full)
(.data + .bss + .noinit)


AVR Memory Usage
----------------
Device: atmega2560

Program:       0 bytes (0.0% Full)
(.text + .data + .bootloader)

Data:          0 bytes (0.0% Full)
(.data + .bss + .noinit)


AVR Memory Usage
----------------
Device: atmega2560

Program:       0 bytes (0.0% Full)
(.text + .data + .bootloader)

Data:          0 bytes (0.0% Full)
(.data + .bss + .noinit)


AVR Memory Usage
----------------
Device: atmega2560

Program:       0 bytes (0.0% Full)
(.text + .data + .bootloader)

Data:          0 bytes (0.0% Full)
(.data + .bss + .noinit)


AVR Memory Usage
----------------
Device: atmega2560

Program:       2 bytes (0.0% Full)
(.text + .data + .bootloader)

Data:          2 bytes (0.0% Full)
(.data + .bss + .noinit)


AVR Memory Usage
----------------
Device: atmega2560

Program:       0 bytes (0.0% Full)
(.text + .data + .bootloader)

Data:          0 bytes (0.0% Full)
(.data + .bss + .noinit)


AVR Memory Usage
----------------
Device: atmega2560

Program:       0 bytes (0.0% Full)
(.text + .data + .bootloader)

Data:          0 bytes (0.0% Full)
(.data + .bss + .noinit)


AVR Memory Usage
----------------
Device: atmega2560

Program:       0 bytes (0.0% Full)
(.text + .data + .bootloader)

Data:          0 bytes (0.0% Full)
(.data + .bss + .noinit)


AVR Memory Usage
----------------
Device: atmega2560

Program:       0 bytes (0.0% Full)
(.text + .data + .bootloader)

Data:          0 bytes (0.0% Full)
(.data + .bss + .noinit)


AVR Memory Usage
----------------
Device: atmega2560

Program:       0 bytes (0.0% Full)
(.text + .data + .bootloader)

Data:          0 bytes (0.0% Full)
(.data + .bss + .noinit)


AVR Memory Usage
----------------
Device: atmega2560

Program:       1 bytes (0.0% Full)
(.text + .data + .bootloader)

Data:          1 bytes (0.0% Full)
(.data + .bss + .noinit)


AVR Memory Usage
----------------
Device: atmega2560

Program:       0 bytes (0.0% Full)
(.text + .data + .bootloader)

Data:          0 bytes (0.0% Full)
(.data + .bss + .noinit)


AVR Memory Usage
----------------
Device: atmega2560

Program:       0 bytes (0.0% Full)
(.text + .data + .bootloader)

Data:          0 bytes (0.0% Full)
(.data + .bss + .noinit)


AVR Memory Usage
----------------
Device: atmega2560

Program:       0 bytes (0.0% Full)
(.text + .data + .bootloader)

Data:          0 bytes (0.0% Full)
(.data + .bss + .noinit)


AVR Memory Usage
----------------
Device: atmega2560

Program:       0 bytes (0.0% Full)
(.text + .data + .bootloader)

Data:          0 bytes (0.0% Full)
(.data + .bss + .noinit)


AVR Memory Usage
----------------
Device: atmega2560

Program:       0 bytes (0.0% Full)
(.text + .data + .bootloader)

Data:          0 bytes (0.0% Full)
(.data + .bss + .noinit)


AVR Memory Usage
----------------
Device: atmega2560

Program:       0 bytes (0.0% Full)
(.text + .data + .bootloader)

Data:          0 bytes (0.0% Full)
(.data + .bss + .noinit)


AVR Memory Usage
----------------
Device: atmega2560

Program:       0 bytes (0.0% Full)
(.text + .data + .bootloader)

Data:          0 bytes (0.0% Full)
(.data + .bss + .noinit)


Finished building: sizedummy
 

00:48:54 Build Finished (took 1s.333ms)

