00:48:02 **** Incremental Build of configuration Release for project Arduino_Mega_2560_or_Mega_ADK ****
make all 
Invoking: Print Size
avr-size --format=avr --mcu=atmega2560 libArduino_Mega_2560_or_Mega_ADK.a
AVR Memory Usage
----------------
Device: atmega2560

Program:       0 bytes (0.0% Full)
(.text + .data + .bootloader)

Data:          0 bytes (0.0% Full)
(.data + .bss + .noinit)


AVR Memory Usage
----------------
Device: atmega2560

Program:       0 bytes (0.0% Full)
(.text + .data + .bootloader)

Data:          0 bytes (0.0% Full)
(.data + .bss + .noinit)


AVR Memory Usage
----------------
Device: atmega2560

Program:       0 bytes (0.0% Full)
(.text + .data + .bootloader)

Data:          0 bytes (0.0% Full)
(.data + .bss + .noinit)


AVR Memory Usage
----------------
Device: atmega2560

Program:       0 bytes (0.0% Full)
(.text + .data + .bootloader)

Data:          0 bytes (0.0% Full)
(.data + .bss + .noinit)


AVR Memory Usage
----------------
Device: atmega2560

Program:       2 bytes (0.0% Full)
(.text + .data + .bootloader)

Data:          2 bytes (0.0% Full)
(.data + .bss + .noinit)


AVR Memory Usage
----------------
Device: atmega2560

Program:       0 bytes (0.0% Full)
(.text + .data + .bootloader)

Data:          0 bytes (0.0% Full)
(.data + .bss + .noinit)


AVR Memory Usage
----------------
Device: atmega2560

Program:       0 bytes (0.0% Full)
(.text + .data + .bootloader)

Data:          0 bytes (0.0% Full)
(.data + .bss + .noinit)


AVR Memory Usage
----------------
Device: atmega2560

Program:       0 bytes (0.0% Full)
(.text + .data + .bootloader)

Data:          0 bytes (0.0% Full)
(.data + .bss + .noinit)


AVR Memory Usage
----------------
Device: atmega2560

Program:       0 bytes (0.0% Full)
(.text + .data + .bootloader)

Data:          0 bytes (0.0% Full)
(.data + .bss + .noinit)


AVR Memory Usage
----------------
Device: atmega2560

Program:       0 bytes (0.0% Full)
(.text + .data + .bootloader)

Data:          0 bytes (0.0% Full)
(.data + .bss + .noinit)


AVR Memory Usage
----------------
Device: atmega2560

Program:       1 bytes (0.0% Full)
(.text + .data + .bootloader)

Data:          1 bytes (0.0% Full)
(.data + .bss + .noinit)


AVR Memory Usage
----------------
Device: atmega2560

Program:       0 bytes (0.0% Full)
(.text + .data + .bootloader)

Data:          0 bytes (0.0% Full)
(.data + .bss + .noinit)


AVR Memory Usage
----------------
Device: atmega2560

Program:       0 bytes (0.0% Full)
(.text + .data + .bootloader)

Data:          0 bytes (0.0% Full)
(.data + .bss + .noinit)


AVR Memory Usage
----------------
Device: atmega2560

Program:       0 bytes (0.0% Full)
(.text + .data + .bootloader)

Data:          0 bytes (0.0% Full)
(.data + .bss + .noinit)


AVR Memory Usage
----------------
Device: atmega2560

Program:       0 bytes (0.0% Full)
(.text + .data + .bootloader)

Data:          0 bytes (0.0% Full)
(.data + .bss + .noinit)


AVR Memory Usage
----------------
Device: atmega2560

Program:       0 bytes (0.0% Full)
(.text + .data + .bootloader)

Data:          0 bytes (0.0% Full)
(.data + .bss + .noinit)


AVR Memory Usage
----------------
Device: atmega2560

Program:       0 bytes (0.0% Full)
(.text + .data + .bootloader)

Data:          0 bytes (0.0% Full)
(.data + .bss + .noinit)


AVR Memory Usage
----------------
Device: atmega2560

Program:       0 bytes (0.0% Full)
(.text + .data + .bootloader)

Data:          0 bytes (0.0% Full)
(.data + .bss + .noinit)


Finished building: sizedummy
 
00:48:03 **** Incremental Build of configuration Release for project Arduino_HID_Joystick ****
make all 
Building file: ../USB_Device_Implementation/USB_Device_Implementation.cpp
Invoking: AVR C++ Compiler
avr-g++ -I"/Applications/Development/Arduino.app/Contents/Resources/Java/hardware/arduino/cores/arduino" -I"/Applications/Development/Arduino.app/Contents/Resources/Java/hardware/arduino/variants/mega" -I"/Volumes/DataHDD/Documents/4th Year Project/Black-Box-Mouse-Interface/Arduino ADK USB Host/Arduino_ADK_USB_HOST/Arduino_HID_Joystick" -D__IN_ECLIPSE__=1 -DUSB_VID= -DUSB_PID= -DARDUINO=100 -Wall -Os -ffunction-sections -fdata-sections -fno-exceptions -g -mmcu=atmega2560 -DF_CPU=16000000UL -MMD -MP -MF"USB_Device_Implementation/USB_Device_Implementation.d" -MT"USB_Device_Implementation/USB_Device_Implementation.d"  -c -o "USB_Device_Implementation/USB_Device_Implementation.o" -x c++ "../USB_Device_Implementation/USB_Device_Implementation.cpp"
In file included from ../USB_Device_Implementation/USB_Device_Implementation.h:12,
                 from ../USB_Device_Implementation/USB_Device_Implementation.cpp:8:
Finished building: ../USB_Device_Implementation/USB_Device_Implementation.cpp
 
/Volumes/DataHDD/Documents/4th Year Project/Black-Box-Mouse-Interface/Arduino ADK USB Host/Arduino_ADK_USB_HOST/Arduino_HID_Joystick/USB_Implementation/USB_Structures.h:54: warning: 'typedef' was ignored in this declaration
Building file: ../USB_Device_Implementation/USB_State_Machine.cpp
Invoking: AVR C++ Compiler
avr-g++ -I"/Applications/Development/Arduino.app/Contents/Resources/Java/hardware/arduino/cores/arduino" -I"/Applications/Development/Arduino.app/Contents/Resources/Java/hardware/arduino/variants/mega" -I"/Volumes/DataHDD/Documents/4th Year Project/Black-Box-Mouse-Interface/Arduino ADK USB Host/Arduino_ADK_USB_HOST/Arduino_HID_Joystick" -D__IN_ECLIPSE__=1 -DUSB_VID= -DUSB_PID= -DARDUINO=100 -Wall -Os -ffunction-sections -fdata-sections -fno-exceptions -g -mmcu=atmega2560 -DF_CPU=16000000UL -MMD -MP -MF"USB_Device_Implementation/USB_State_Machine.d" -MT"USB_Device_Implementation/USB_State_Machine.d"  -c -o "USB_Device_Implementation/USB_State_Machine.o" -x c++ "../USB_Device_Implementation/USB_State_Machine.cpp"
Finished building: ../USB_Device_Implementation/USB_State_Machine.cpp
 
Building file: ../System_Defines/Command_Interpreter.cpp
Invoking: AVR C++ Compiler
avr-g++ -I"/Applications/Development/Arduino.app/Contents/Resources/Java/hardware/arduino/cores/arduino" -I"/Applications/Development/Arduino.app/Contents/Resources/Java/hardware/arduino/variants/mega" -I"/Volumes/DataHDD/Documents/4th Year Project/Black-Box-Mouse-Interface/Arduino ADK USB Host/Arduino_ADK_USB_HOST/Arduino_HID_Joystick" -D__IN_ECLIPSE__=1 -DUSB_VID= -DUSB_PID= -DARDUINO=100 -Wall -Os -ffunction-sections -fdata-sections -fno-exceptions -g -mmcu=atmega2560 -DF_CPU=16000000UL -MMD -MP -MF"System_Defines/Command_Interpreter.d" -MT"System_Defines/Command_Interpreter.d"  -c -o "System_Defines/Command_Interpreter.o" -x c++ "../System_Defines/Command_Interpreter.cpp"
In file included from ../USB_Device_Implementation/USB_Device_Implementation.h:12,
Finished building: ../System_Defines/Command_Interpreter.cpp
 
                 from ../Arduino_HID_Joystick.h:41,
                 from ../Arduino_HID_Joystick.cpp:2:
/Volumes/DataHDD/Documents/4th Year Project/Black-Box-Mouse-Interface/Arduino ADK USB Host/Arduino_ADK_USB_HOST/Arduino_HID_Joystick/USB_Implementation/USB_Structures.h:54: warning: 'typedef' was ignored in this declaration
Building file: ../System_Defines/Main_Defines.cpp
Invoking: AVR C++ Compiler
./USB_Device_Implementation/USB_State_Machine.o: In function `error':
avr-g++ -I"/Applications/Development/Arduino.app/Contents/Resources/Java/hardware/arduino/cores/arduino" -I"/Applications/Development/Arduino.app/Contents/Resources/Java/hardware/arduino/variants/mega" -I"/Volumes/DataHDD/Documents/4th Year Project/Black-Box-Mouse-Interface/Arduino ADK USB Host/Arduino_ADK_USB_HOST/Arduino_HID_Joystick" -D__IN_ECLIPSE__=1 -DUSB_VID= -DUSB_PID= -DARDUINO=100 -Wall -Os -ffunction-sections -fdata-sections -fno-exceptions -g -mmcu=atmega2560 -DF_CPU=16000000UL -MMD -MP -MF"System_Defines/Main_Defines.d" -MT"System_Defines/Main_Defines.d"  -c -o "System_Defines/Main_Defines.o" -x c++ "../System_Defines/Main_Defines.cpp"
Finished building: ../System_Defines/Main_Defines.cpp
 
/Volumes/DataHDD/Documents/4th Year Project/Black-Box-Mouse-Interface/Arduino ADK USB Host/Arduino_ADK_USB_HOST/Arduino_HID_Joystick/System_Defines/Main_Defines.h:35: multiple definition of `error(void*, void*)'
./USB_Device_Implementation/USB_Device_Implementation.o:/Volumes/DataHDD/Documents/4th Year Project/Black-Box-Mouse-Interface/Arduino ADK USB Host/Arduino_ADK_USB_HOST/Arduino_HID_Joystick/System_Defines/Main_Defines.h:35: first defined here
./System_Defines/Command_Interpreter.o: In function `error':
/Volumes/DataHDD/Documents/4th Year Project/Black-Box-Mouse-Interface/Arduino ADK USB Host/Arduino_ADK_USB_HOST/Arduino_HID_Joystick/System_Defines/Main_Defines.h:35: multiple definition of `error(void*, void*)'
Building file: ../Sensor_Parser_Implementation/Packet_Parser.cpp
./USB_Device_Implementation/USB_Device_Implementation.o:/Volumes/DataHDD/Documents/4th Year Project/Black-Box-Mouse-Interface/Arduino ADK USB Host/Arduino_ADK_USB_HOST/Arduino_HID_Joystick/System_Defines/Main_Defines.h:35: first defined here
Invoking: AVR C++ Compiler
avr-g++ -I"/Applications/Development/Arduino.app/Contents/Resources/Java/hardware/arduino/cores/arduino" -I"/Applications/Development/Arduino.app/Contents/Resources/Java/hardware/arduino/variants/mega" -I"/Volumes/DataHDD/Documents/4th Year Project/Black-Box-Mouse-Interface/Arduino ADK USB Host/Arduino_ADK_USB_HOST/Arduino_HID_Joystick" -D__IN_ECLIPSE__=1 -DUSB_VID= -DUSB_PID= -DARDUINO=100 -Wall -Os -ffunction-sections -fdata-sections -fno-exceptions -g -mmcu=atmega2560 -DF_CPU=16000000UL -MMD -MP -MF"Sensor_Parser_Implementation/Packet_Parser.d" -MT"Sensor_Parser_Implementation/Packet_Parser.d"  -c -o "Sensor_Parser_Implementation/Packet_Parser.o" -x c++ "../Sensor_Parser_Implementation/Packet_Parser.cpp"
Finished building: ../Sensor_Parser_Implementation/Packet_Parser.cpp
 
./System_Defines/Main_Defines.o: In function `error(void*, void*)':
/Volumes/DataHDD/Documents/4th Year Project/Black-Box-Mouse-Interface/Arduino ADK USB Host/Arduino_ADK_USB_HOST/Arduino_HID_Joystick/Release/../System_Defines/Main_Defines.h:35: multiple definition of `error(void*, void*)'
./USB_Device_Implementation/USB_Device_Implementation.o:/Volumes/DataHDD/Documents/4th Year Project/Black-Box-Mouse-Interface/Arduino ADK USB Host/Arduino_ADK_USB_HOST/Arduino_HID_Joystick/System_Defines/Main_Defines.h:35: first defined here
./Sensor_Parser_Implementation/Packet_Parser.o: In function `error':
/Volumes/DataHDD/Documents/4th Year Project/Black-Box-Mouse-Interface/Arduino ADK USB Host/Arduino_ADK_USB_HOST/Arduino_HID_Joystick/System_Defines/Main_Defines.h:35: multiple definition of `error(void*, void*)'
./USB_Device_Implementation/USB_Device_Implementation.o:/Volumes/DataHDD/Documents/4th Year Project/Black-Box-Mouse-Interface/Arduino ADK USB Host/Arduino_ADK_USB_HOST/Arduino_HID_Joystick/System_Defines/Main_Defines.h:35: first defined here
./Arduino_HID_Joystick.o: In function `error':
/Volumes/DataHDD/Documents/4th Year Project/Black-Box-Mouse-Interface/Arduino ADK USB Host/Arduino_ADK_USB_HOST/Arduino_HID_Joystick/Release/../System_Defines/Main_Defines.h:35: multiple definition of `error(void*, void*)'
Building file: ../Arduino_HID_Joystick.cpp
./USB_Device_Implementation/USB_Device_Implementation.o:/Volumes/DataHDD/Documents/4th Year Project/Black-Box-Mouse-Interface/Arduino ADK USB Host/Arduino_ADK_USB_HOST/Arduino_HID_Joystick/System_Defines/Main_Defines.h:35: first defined here
Invoking: AVR C++ Compiler
avr-g++ -I"/Applications/Development/Arduino.app/Contents/Resources/Java/hardware/arduino/cores/arduino" -I"/Applications/Development/Arduino.app/Contents/Resources/Java/hardware/arduino/variants/mega" -I"/Volumes/DataHDD/Documents/4th Year Project/Black-Box-Mouse-Interface/Arduino ADK USB Host/Arduino_ADK_USB_HOST/Arduino_HID_Joystick" -D__IN_ECLIPSE__=1 -DUSB_VID= -DUSB_PID= -DARDUINO=100 -Wall -Os -ffunction-sections -fdata-sections -fno-exceptions -g -mmcu=atmega2560 -DF_CPU=16000000UL -MMD -MP -MF"Arduino_HID_Joystick.d" -MT"Arduino_HID_Joystick.d"  -c -o "Arduino_HID_Joystick.o" -x c++ "../Arduino_HID_Joystick.cpp"
Finished building: ../Arduino_HID_Joystick.cpp
 
make: *** [Arduino_HID_Joystick.elf] Error 1
Building target: Arduino_HID_Joystick.elf
Invoking: AVR C++ Linker
avr-gcc -Os -Wl,--gc-sections  -L"/Volumes/DataHDD/Documents/4th Year Project/Black-Box-Mouse-Interface/Arduino ADK USB Host/Arduino_ADK_USB_HOST/Arduino_Mega_2560_or_Mega_ADK/Release" -mmcu=atmega2560  -o"Arduino_HID_Joystick.elf"  ./USB_Device_Implementation/USB_Device_Implementation.o ./USB_Device_Implementation/USB_State_Machine.o  ./System_Defines/Command_Interpreter.o ./System_Defines/EEPROM.o ./System_Defines/Main_Defines.o ./System_Defines/NVRAM_API.o ./System_Defines/Packet_Watchdog.o  ./Sensor_Parser_Implementation/Packet_Handler.o ./Sensor_Parser_Implementation/Packet_Parser.o  ./Emulation_Device_Implementation/Emulation_Device_Implementation.o  ./Debug_API/Debug_LED_Function.o  ./Arduino_HID_Joystick.o   -l"Arduino_Mega_2560_or_Mega_ADK" -lm
00:48:50 **** Clean-only build of configuration Release for project Arduino_HID_Joystick ****
make clean 
rm -rf  ./USB_Device_Implementation/USB_Device_Implementation.o ./USB_Device_Implementation/USB_State_Machine.o  ./System_Defines/Command_Interpreter.o ./System_Defines/EEPROM.o ./System_Defines/Main_Defines.o ./System_Defines/NVRAM_API.o ./System_Defines/Packet_Watchdog.o  ./Sensor_Parser_Implementation/Packet_Handler.o ./Sensor_Parser_Implementation/Packet_Parser.o  ./Emulation_Device_Implementation/Emulation_Device_Implementation.o  ./Debug_API/Debug_LED_Function.o  ./Arduino_HID_Joystick.o  Arduino_HID_Joystick.eep  Arduino_HID_Joystick.hex  Arduino_HID_Joystick.lss  ./USB_Device_Implementation/USB_Device_Implementation.d ./USB_Device_Implementation/USB_State_Machine.d  ./System_Defines/Command_Interpreter.d ./System_Defines/EEPROM.d ./System_Defines/Main_Defines.d ./System_Defines/NVRAM_API.d ./System_Defines/Packet_Watchdog.d  ./Sensor_Parser_Implementation/Packet_Handler.d ./Sensor_Parser_Implementation/Packet_Parser.d  ./Emulation_Device_Implementation/Emulation_Device_Implementation.d  ./Debug_API/Debug_LED_Function.d  ./Arduino_HID_Joystick.d  sizedummy  Arduino_HID_Joystick.elf
 
00:48:50 **** Clean-only build of configuration Release for project Arduino_Mega_2560_or_Mega_ADK ****
make clean 
rm -rf  ./arduino/CDC.o ./arduino/HID.o ./arduino/HardwareSerial.o ./arduino/IPAddress.o ./arduino/Print.o ./arduino/Stream.o ./arduino/Tone.o ./arduino/USBCore.o ./arduino/WInterrupts.o ./arduino/WMath.o ./arduino/WString.o ./arduino/main.o ./arduino/new.o ./arduino/wiring.o ./arduino/wiring_analog.o ./arduino/wiring_digital.o ./arduino/wiring_pulse.o ./arduino/wiring_shift.o  ./arduino/WInterrupts.d ./arduino/wiring.d ./arduino/wiring_analog.d ./arduino/wiring_digital.d ./arduino/wiring_pulse.d ./arduino/wiring_shift.d  libArduino_Mega_2560_or_Mega_ADK.lss  ./arduino/CDC.d ./arduino/HID.d ./arduino/HardwareSerial.d ./arduino/IPAddress.d ./arduino/Print.d ./arduino/Stream.d ./arduino/Tone.d ./arduino/USBCore.d ./arduino/WMath.d ./arduino/WString.d ./arduino/main.d ./arduino/new.d  sizedummy  libArduino_Mega_2560_or_Mega_ADK.a
 
00:48:53 **** Build of configuration Release for project Arduino_Mega_2560_or_Mega_ADK ****
make all 
Building file: /Applications/Development/Arduino.app/Contents/Resources/Java/hardware/arduino/cores/arduino/CDC.cpp
Invoking: AVR C++ Compiler
avr-g++ -I"/Applications/Development/Arduino.app/Contents/Resources/Java/hardware/arduino/cores/arduino" -I"/Applications/Development/Arduino.app/Contents/Resources/Java/hardware/arduino/variants/mega" -DUSB_PID= -DUSB_VID= -DARDUINO=100 -Wall -Os -fno-exceptions -g  -ffunction-sections  -fdata-sections -mmcu=atmega2560 -DF_CPU=16000000UL -MMD -MP -MF"arduino/CDC.d" -MT"arduino/CDC.d"  -c -o "arduino/CDC.o" "/Applications/Development/Arduino.app/Contents/Resources/Java/hardware/arduino/cores/arduino/CDC.cpp"
Finished building: /Applications/Development/Arduino.app/Contents/Resources/Java/hardware/arduino/cores/arduino/CDC.cpp
 
Building file: /Applications/Development/Arduino.app/Contents/Resources/Java/hardware/arduino/cores/arduino/HID.cpp
Invoking: AVR C++ Compiler
avr-g++ -I"/Applications/Development/Arduino.app/Contents/Resources/Java/hardware/arduino/cores/arduino" -I"/Applications/Development/Arduino.app/Contents/Resources/Java/hardware/arduino/variants/mega" -DUSB_PID= -DUSB_VID= -DARDUINO=100 -Wall -Os -fno-exceptions -g  -ffunction-sections  -fdata-sections -mmcu=atmega2560 -DF_CPU=16000000UL -MMD -MP -MF"arduino/HID.d" -MT"arduino/HID.d"  -c -o "arduino/HID.o" "/Applications/Development/Arduino.app/Contents/Resources/Java/hardware/arduino/cores/arduino/HID.cpp"
In file included from /Applications/Development/Arduino.app/Contents/Resources/Java/hardware/arduino/cores/arduino/HID.cpp:21:
Finished building: /Applications/Development/Arduino.app/Contents/Resources/Java/hardware/arduino/cores/arduino/HID.cpp
 
/Applications/Development/Arduino.app/Contents/Resources/Java/hardware/arduino/cores/arduino/USBDesc.h:65:1: warning: "USB_VID" redefined
<command-line>: warning: this is the location of the previous definition
/Applications/Development/Arduino.app/Contents/Resources/Java/hardware/arduino/cores/arduino/USBDesc.h:66:1: warning: "USB_PID" redefined
<command-line>: warning: this is the location of the previous definition
Building file: /Applications/Development/Arduino.app/Contents/Resources/Java/hardware/arduino/cores/arduino/HardwareSerial.cpp
Invoking: AVR C++ Compiler
avr-g++ -I"/Applications/Development/Arduino.app/Contents/Resources/Java/hardware/arduino/cores/arduino" -I"/Applications/Development/Arduino.app/Contents/Resources/Java/hardware/arduino/variants/mega" -DUSB_PID= -DUSB_VID= -DARDUINO=100 -Wall -Os -fno-exceptions -g  -ffunction-sections  -fdata-sections -mmcu=atmega2560 -DF_CPU=16000000UL -MMD -MP -MF"arduino/HardwareSerial.d" -MT"arduino/HardwareSerial.d"  -c -o "arduino/HardwareSerial.o" "/Applications/Development/Arduino.app/Contents/Resources/Java/hardware/arduino/cores/arduino/HardwareSerial.cpp"
Finished building: /Applications/Development/Arduino.app/Contents/Resources/Java/hardware/arduino/cores/arduino/HardwareSerial.cpp
 
Building file: /Applications/Development/Arduino.app/Contents/Resources/Java/hardware/arduino/cores/arduino/IPAddress.cpp
Invoking: AVR C++ Compiler
avr-g++ -I"/Applications/Development/Arduino.app/Contents/Resources/Java/hardware/arduino/cores/arduino" -I"/Applications/Development/Arduino.app/Contents/Resources/Java/hardware/arduino/variants/mega" -DUSB_PID= -DUSB_VID= -DARDUINO=100 -Wall -Os -fno-exceptions -g  -ffunction-sections  -fdata-sections -mmcu=atmega2560 -DF_CPU=16000000UL -MMD -MP -MF"arduino/IPAddress.d" -MT"arduino/IPAddress.d"  -c -o "arduino/IPAddress.o" "/Applications/Development/Arduino.app/Contents/Resources/Java/hardware/arduino/cores/arduino/IPAddress.cpp"
Finished building: /Applications/Development/Arduino.app/Contents/Resources/Java/hardware/arduino/cores/arduino/IPAddress.cpp
 
Building file: /Applications/Development/Arduino.app/Contents/Resources/Java/hardware/arduino/cores/arduino/Print.cpp
Invoking: AVR C++ Compiler
avr-g++ -I"/Applications/Development/Arduino.app/Contents/Resources/Java/hardware/arduino/cores/arduino" -I"/Applications/Development/Arduino.app/Contents/Resources/Java/hardware/arduino/variants/mega" -DUSB_PID= -DUSB_VID= -DARDUINO=100 -Wall -Os -fno-exceptions -g  -ffunction-sections  -fdata-sections -mmcu=atmega2560 -DF_CPU=16000000UL -MMD -MP -MF"arduino/Print.d" -MT"arduino/Print.d"  -c -o "arduino/Print.o" "/Applications/Development/Arduino.app/Contents/Resources/Java/hardware/arduino/cores/arduino/Print.cpp"
Finished building: /Applications/Development/Arduino.app/Contents/Resources/Java/hardware/arduino/cores/arduino/Print.cpp
 
Building file: /Applications/Development/Arduino.app/Contents/Resources/Java/hardware/arduino/cores/arduino/Stream.cpp
Invoking: AVR C++ Compiler
avr-g++ -I"/Applications/Development/Arduino.app/Contents/Resources/Java/hardware/arduino/cores/arduino" -I"/Applications/Development/Arduino.app/Contents/Resources/Java/hardware/arduino/variants/mega" -DUSB_PID= -DUSB_VID= -DARDUINO=100 -Wall -Os -fno-exceptions -g  -ffunction-sections  -fdata-sections -mmcu=atmega2560 -DF_CPU=16000000UL -MMD -MP -MF"arduino/Stream.d" -MT"arduino/Stream.d"  -c -o "arduino/Stream.o" "/Applications/Development/Arduino.app/Contents/Resources/Java/hardware/arduino/cores/arduino/Stream.cpp"
Finished building: /Applications/Development/Arduino.app/Contents/Resources/Java/hardware/arduino/cores/arduino/Stream.cpp
 
Building file: /Applications/Development/Arduino.app/Contents/Resources/Java/hardware/arduino/cores/arduino/Tone.cpp
Invoking: AVR C++ Compiler
avr-g++ -I"/Applications/Development/Arduino.app/Contents/Resources/Java/hardware/arduino/cores/arduino" -I"/Applications/Development/Arduino.app/Contents/Resources/Java/hardware/arduino/variants/mega" -DUSB_PID= -DUSB_VID= -DARDUINO=100 -Wall -Os -fno-exceptions -g  -ffunction-sections  -fdata-sections -mmcu=atmega2560 -DF_CPU=16000000UL -MMD -MP -MF"arduino/Tone.d" -MT"arduino/Tone.d"  -c -o "arduino/Tone.o" "/Applications/Development/Arduino.app/Contents/Resources/Java/hardware/arduino/cores/arduino/Tone.cpp"
/Applications/Development/Arduino.app/Contents/Resources/Java/hardware/arduino/cores/arduino/Tone.cpp:93: warning: only initialized variables can be placed into program memory area
Finished building: /Applications/Development/Arduino.app/Contents/Resources/Java/hardware/arduino/cores/arduino/Tone.cpp
 
Building file: /Applications/Development/Arduino.app/Contents/Resources/Java/hardware/arduino/cores/arduino/USBCore.cpp
Invoking: AVR C++ Compiler
avr-g++ -I"/Applications/Development/Arduino.app/Contents/Resources/Java/hardware/arduino/cores/arduino" -I"/Applications/Development/Arduino.app/Contents/Resources/Java/hardware/arduino/variants/mega" -DUSB_PID= -DUSB_VID= -DARDUINO=100 -Wall -Os -fno-exceptions -g  -ffunction-sections  -fdata-sections -mmcu=atmega2560 -DF_CPU=16000000UL -MMD -MP -MF"arduino/USBCore.d" -MT"arduino/USBCore.d"  -c -o "arduino/USBCore.o" "/Applications/Development/Arduino.app/Contents/Resources/Java/hardware/arduino/cores/arduino/USBCore.cpp"
In file included from /Applications/Development/Arduino.app/Contents/Resources/Java/hardware/arduino/cores/arduino/USBCore.cpp:21:
/Applications/Development/Arduino.app/Contents/Resources/Java/hardware/arduino/cores/arduino/USBDesc.h:65:1: warning: "USB_VID" redefined
Finished building: /Applications/Development/Arduino.app/Contents/Resources/Java/hardware/arduino/cores/arduino/USBCore.cpp
<command-line>: warning: this is the location of the previous definition
/Applications/Development/Arduino.app/Contents/Resources/Java/hardware/arduino/cores/arduino/USBDesc.h:66:1: warning: "USB_PID" redefined
 
<command-line>: warning: this is the location of the previous definition
Building file: /Applications/Development/Arduino.app/Contents/Resources/Java/hardware/arduino/cores/arduino/WInterrupts.c
Invoking: AVR Compiler
avr-gcc -I"/Applications/Development/Arduino.app/Contents/Resources/Java/hardware/arduino/cores/arduino" -I"/Applications/Development/Arduino.app/Contents/Resources/Java/hardware/arduino/variants/mega" -DUSB_VID= -DUSB_PID= -DARDUINO=100 -Wall -Os -fpack-struct -fshort-enums -std=gnu99 -funsigned-char -funsigned-bitfields -g  -ffunction-sections  -fdata-sections -mmcu=atmega2560 -DF_CPU=16000000UL -MMD -MP -MF"arduino/WInterrupts.d" -MT"arduino/WInterrupts.d"  -c -o "arduino/WInterrupts.o" "/Applications/Development/Arduino.app/Contents/Resources/Java/hardware/arduino/cores/arduino/WInterrupts.c"
Finished building: /Applications/Development/Arduino.app/Contents/Resources/Java/hardware/arduino/cores/arduino/WInterrupts.c
 
Building file: /Applications/Development/Arduino.app/Contents/Resources/Java/hardware/arduino/cores/arduino/WMath.cpp
Invoking: AVR C++ Compiler
avr-g++ -I"/Applications/Development/Arduino.app/Contents/Resources/Java/hardware/arduino/cores/arduino" -I"/Applications/Development/Arduino.app/Contents/Resources/Java/hardware/arduino/variants/mega" -DUSB_PID= -DUSB_VID= -DARDUINO=100 -Wall -Os -fno-exceptions -g  -ffunction-sections  -fdata-sections -mmcu=atmega2560 -DF_CPU=16000000UL -MMD -MP -MF"arduino/WMath.d" -MT"arduino/WMath.d"  -c -o "arduino/WMath.o" "/Applications/Development/Arduino.app/Contents/Resources/Java/hardware/arduino/cores/arduino/WMath.cpp"
Finished building: /Applications/Development/Arduino.app/Contents/Resources/Java/hardware/arduino/cores/arduino/WMath.cpp
 
Building file: /Applications/Development/Arduino.app/Contents/Resources/Java/hardware/arduino/cores/arduino/WString.cpp
Invoking: AVR C++ Compiler
avr-g++ -I"/Applications/Development/Arduino.app/Contents/Resources/Java/hardware/arduino/cores/arduino" -I"/Applications/Development/Arduino.app/Contents/Resources/Java/hardware/arduino/variants/mega" -DUSB_PID= -DUSB_VID= -DARDUINO=100 -Wall -Os -fno-exceptions -g  -ffunction-sections  -fdata-sections -mmcu=atmega2560 -DF_CPU=16000000UL -MMD -MP -MF"arduino/WString.d" -MT"arduino/WString.d"  -c -o "arduino/WString.o" "/Applications/Development/Arduino.app/Contents/Resources/Java/hardware/arduino/cores/arduino/WString.cpp"
Finished building: /Applications/Development/Arduino.app/Contents/Resources/Java/hardware/arduino/cores/arduino/WString.cpp
 
Building file: /Applications/Development/Arduino.app/Contents/Resources/Java/hardware/arduino/cores/arduino/main.cpp
Invoking: AVR C++ Compiler
avr-g++ -I"/Applications/Development/Arduino.app/Contents/Resources/Java/hardware/arduino/cores/arduino" -I"/Applications/Development/Arduino.app/Contents/Resources/Java/hardware/arduino/variants/mega" -DUSB_PID= -DUSB_VID= -DARDUINO=100 -Wall -Os -fno-exceptions -g  -ffunction-sections  -fdata-sections -mmcu=atmega2560 -DF_CPU=16000000UL -MMD -MP -MF"arduino/main.d" -MT"arduino/main.d"  -c -o "arduino/main.o" "/Applications/Development/Arduino.app/Contents/Resources/Java/hardware/arduino/cores/arduino/main.cpp"
Finished building: /Applications/Development/Arduino.app/Contents/Resources/Java/hardware/arduino/cores/arduino/main.cpp
 
Building file: /Applications/Development/Arduino.app/Contents/Resources/Java/hardware/arduino/cores/arduino/new.cpp
Invoking: AVR C++ Compiler
avr-g++ -I"/Applications/Development/Arduino.app/Contents/Resources/Java/hardware/arduino/cores/arduino" -I"/Applications/Development/Arduino.app/Contents/Resources/Java/hardware/arduino/variants/mega" -DUSB_PID= -DUSB_VID= -DARDUINO=100 -Wall -Os -fno-exceptions -g  -ffunction-sections  -fdata-sections -mmcu=atmega2560 -DF_CPU=16000000UL -MMD -MP -MF"arduino/new.d" -MT"arduino/new.d"  -c -o "arduino/new.o" "/Applications/Development/Arduino.app/Contents/Resources/Java/hardware/arduino/cores/arduino/new.cpp"
Finished building: /Applications/Development/Arduino.app/Contents/Resources/Java/hardware/arduino/cores/arduino/new.cpp
 
Building file: /Applications/Development/Arduino.app/Contents/Resources/Java/hardware/arduino/cores/arduino/wiring.c
Invoking: AVR Compiler
avr-gcc -I"/Applications/Development/Arduino.app/Contents/Resources/Java/hardware/arduino/cores/arduino" -I"/Applications/Development/Arduino.app/Contents/Resources/Java/hardware/arduino/variants/mega" -DUSB_VID= -DUSB_PID= -DARDUINO=100 -Wall -Os -fpack-struct -fshort-enums -std=gnu99 -funsigned-char -funsigned-bitfields -g  -ffunction-sections  -fdata-sections -mmcu=atmega2560 -DF_CPU=16000000UL -MMD -MP -MF"arduino/wiring.d" -MT"arduino/wiring.d"  -c -o "arduino/wiring.o" "/Applications/Development/Arduino.app/Contents/Resources/Java/hardware/arduino/cores/arduino/wiring.c"
Finished building: /Applications/Development/Arduino.app/Contents/Resources/Java/hardware/arduino/cores/arduino/wiring.c
 
Building file: /Applications/Development/Arduino.app/Contents/Resources/Java/hardware/arduino/cores/arduino/wiring_analog.c
Invoking: AVR Compiler
avr-gcc -I"/Applications/Development/Arduino.app/Contents/Resources/Java/hardware/arduino/cores/arduino" -I"/Applications/Development/Arduino.app/Contents/Resources/Java/hardware/arduino/variants/mega" -DUSB_VID= -DUSB_PID= -DARDUINO=100 -Wall -Os -fpack-struct -fshort-enums -std=gnu99 -funsigned-char -funsigned-bitfields -g  -ffunction-sections  -fdata-sections -mmcu=atmega2560 -DF_CPU=16000000UL -MMD -MP -MF"arduino/wiring_analog.d" -MT"arduino/wiring_analog.d"  -c -o "arduino/wiring_analog.o" "/Applications/Development/Arduino.app/Contents/Resources/Java/hardware/arduino/cores/arduino/wiring_analog.c"
Finished building: /Applications/Development/Arduino.app/Contents/Resources/Java/hardware/arduino/cores/arduino/wiring_analog.c
 
Building file: /Applications/Development/Arduino.app/Contents/Resources/Java/hardware/arduino/cores/arduino/wiring_digital.c
Invoking: AVR Compiler
avr-gcc -I"/Applications/Development/Arduino.app/Contents/Resources/Java/hardware/arduino/cores/arduino" -I"/Applications/Development/Arduino.app/Contents/Resources/Java/hardware/arduino/variants/mega" -DUSB_VID= -DUSB_PID= -DARDUINO=100 -Wall -Os -fpack-struct -fshort-enums -std=gnu99 -funsigned-char -funsigned-bitfields -g  -ffunction-sections  -fdata-sections -mmcu=atmega2560 -DF_CPU=16000000UL -MMD -MP -MF"arduino/wiring_digital.d" -MT"arduino/wiring_digital.d"  -c -o "arduino/wiring_digital.o" "/Applications/Development/Arduino.app/Contents/Resources/Java/hardware/arduino/cores/arduino/wiring_digital.c"
Finished building: /Applications/Development/Arduino.app/Contents/Resources/Java/hardware/arduino/cores/arduino/wiring_digital.c
 
Building file: /Applications/Development/Arduino.app/Contents/Resources/Java/hardware/arduino/cores/arduino/wiring_pulse.c
Invoking: AVR Compiler
avr-gcc -I"/Applications/Development/Arduino.app/Contents/Resources/Java/hardware/arduino/cores/arduino" -I"/Applications/Development/Arduino.app/Contents/Resources/Java/hardware/arduino/variants/mega" -DUSB_VID= -DUSB_PID= -DARDUINO=100 -Wall -Os -fpack-struct -fshort-enums -std=gnu99 -funsigned-char -funsigned-bitfields -g  -ffunction-sections  -fdata-sections -mmcu=atmega2560 -DF_CPU=16000000UL -MMD -MP -MF"arduino/wiring_pulse.d" -MT"arduino/wiring_pulse.d"  -c -o "arduino/wiring_pulse.o" "/Applications/Development/Arduino.app/Contents/Resources/Java/hardware/arduino/cores/arduino/wiring_pulse.c"
avr-ar: creating libArduino_Mega_2560_or_Mega_ADK.a
Finished building: /Applications/Development/Arduino.app/Contents/Resources/Java/hardware/arduino/cores/arduino/wiring_pulse.c
 
Building file: /Applications/Development/Arduino.app/Contents/Resources/Java/hardware/arduino/cores/arduino/wiring_shift.c
Invoking: AVR Compiler
avr-gcc -I"/Applications/Development/Arduino.app/Contents/Resources/Java/hardware/arduino/cores/arduino" -I"/Applications/Development/Arduino.app/Contents/Resources/Java/hardware/arduino/variants/mega" -DUSB_VID= -DUSB_PID= -DARDUINO=100 -Wall -Os -fpack-struct -fshort-enums -std=gnu99 -funsigned-char -funsigned-bitfields -g  -ffunction-sections  -fdata-sections -mmcu=atmega2560 -DF_CPU=16000000UL -MMD -MP -MF"arduino/wiring_shift.d" -MT"arduino/wiring_shift.d"  -c -o "arduino/wiring_shift.o" "/Applications/Development/Arduino.app/Contents/Resources/Java/hardware/arduino/cores/arduino/wiring_shift.c"
Finished building: /Applications/Development/Arduino.app/Contents/Resources/Java/hardware/arduino/cores/arduino/wiring_shift.c
 
Building target: libArduino_Mega_2560_or_Mega_ADK.a
Invoking: AVR Archiver
avr-ar -r  "libArduino_Mega_2560_or_Mega_ADK.a"  ./arduino/CDC.o ./arduino/HID.o ./arduino/HardwareSerial.o ./arduino/IPAddress.o ./arduino/Print.o ./arduino/Stream.o ./arduino/Tone.o ./arduino/USBCore.o ./arduino/WInterrupts.o ./arduino/WMath.o ./arduino/WString.o ./arduino/main.o ./arduino/new.o ./arduino/wiring.o ./arduino/wiring_analog.o ./arduino/wiring_digital.o ./arduino/wiring_pulse.o ./arduino/wiring_shift.o  
Finished building target: libArduino_Mega_2560_or_Mega_ADK.a
 
Invoking: AVR Create Extended Listing
avr-objdump -h -S libArduino_Mega_2560_or_Mega_ADK.a  >"libArduino_Mega_2560_or_Mega_ADK.lss"
Finished building: libArduino_Mega_2560_or_Mega_ADK.lss
 
Invoking: Print Size
avr-size --format=avr --mcu=atmega2560 libArduino_Mega_2560_or_Mega_ADK.a
AVR Memory Usage
----------------
Device: atmega2560

Program:       0 bytes (0.0% Full)
(.text + .data + .bootloader)

Data:          0 bytes (0.0% Full)
(.data + .bss + .noinit)


AVR Memory Usage
----------------
Device: atmega2560

Program:       0 bytes (0.0% Full)
(.text + .data + .bootloader)

Data:          0 bytes (0.0% Full)
(.data + .bss + .noinit)


AVR Memory Usage
----------------
Device: atmega2560

Program:       0 bytes (0.0% Full)
(.text + .data + .bootloader)

Data:          0 bytes (0.0% Full)
(.data + .bss + .noinit)


AVR Memory Usage
----------------
Device: atmega2560

Program:       0 bytes (0.0% Full)
(.text + .data + .bootloader)

Data:          0 bytes (0.0% Full)
(.data + .bss + .noinit)


AVR Memory Usage
----------------
Device: atmega2560

Program:       2 bytes (0.0% Full)
(.text + .data + .bootloader)

Data:          2 bytes (0.0% Full)
(.data + .bss + .noinit)


AVR Memory Usage
----------------
Device: atmega2560

Program:       0 bytes (0.0% Full)
(.text + .data + .bootloader)

Data:          0 bytes (0.0% Full)
(.data + .bss + .noinit)


AVR Memory Usage
----------------
Device: atmega2560

Program:       0 bytes (0.0% Full)
(.text + .data + .bootloader)

Data:          0 bytes (0.0% Full)
(.data + .bss + .noinit)


AVR Memory Usage
----------------
Device: atmega2560

Program:       0 bytes (0.0% Full)
(.text + .data + .bootloader)

Data:          0 bytes (0.0% Full)
(.data + .bss + .noinit)


AVR Memory Usage
----------------
Device: atmega2560

Program:       0 bytes (0.0% Full)
(.text + .data + .bootloader)

Data:          0 bytes (0.0% Full)
(.data + .bss + .noinit)


AVR Memory Usage
----------------
Device: atmega2560

Program:       0 bytes (0.0% Full)
(.text + .data + .bootloader)

Data:          0 bytes (0.0% Full)
(.data + .bss + .noinit)


AVR Memory Usage
----------------
Device: atmega2560

Program:       1 bytes (0.0% Full)
(.text + .data + .bootloader)

Data:          1 bytes (0.0% Full)
(.data + .bss + .noinit)


AVR Memory Usage
----------------
Device: atmega2560

Program:       0 bytes (0.0% Full)
(.text + .data + .bootloader)

Data:          0 bytes (0.0% Full)
(.data + .bss + .noinit)


AVR Memory Usage
----------------
Device: atmega2560

Program:       0 bytes (0.0% Full)
(.text + .data + .bootloader)

Data:          0 bytes (0.0% Full)
(.data + .bss + .noinit)


AVR Memory Usage
----------------
Device: atmega2560

Program:       0 bytes (0.0% Full)
(.text + .data + .bootloader)

Data:          0 bytes (0.0% Full)
(.data + .bss + .noinit)


AVR Memory Usage
----------------
Device: atmega2560

Program:       0 bytes (0.0% Full)
(.text + .data + .bootloader)

Data:          0 bytes (0.0% Full)
(.data + .bss + .noinit)


AVR Memory Usage
----------------
Device: atmega2560

Program:       0 bytes (0.0% Full)
(.text + .data + .bootloader)

Data:          0 bytes (0.0% Full)
(.data + .bss + .noinit)


AVR Memory Usage
----------------
Device: atmega2560

Program:       0 bytes (0.0% Full)
(.text + .data + .bootloader)

Data:          0 bytes (0.0% Full)
(.data + .bss + .noinit)


AVR Memory Usage
----------------
Device: atmega2560

Program:       0 bytes (0.0% Full)
(.text + .data + .bootloader)

Data:          0 bytes (0.0% Full)
(.data + .bss + .noinit)


Finished building: sizedummy
 
00:48:55 **** Build of configuration Release for project Arduino_HID_Joystick ****
make all 
Building file: ../USB_Device_Implementation/USB_Device_Implementation.cpp
Invoking: AVR C++ Compiler
avr-g++ -I"/Applications/Development/Arduino.app/Contents/Resources/Java/hardware/arduino/cores/arduino" -I"/Applications/Development/Arduino.app/Contents/Resources/Java/hardware/arduino/variants/mega" -I"/Volumes/DataHDD/Documents/4th Year Project/Black-Box-Mouse-Interface/Arduino ADK USB Host/Arduino_ADK_USB_HOST/Arduino_HID_Joystick" -D__IN_ECLIPSE__=1 -DUSB_VID= -DUSB_PID= -DARDUINO=100 -Wall -Os -ffunction-sections -fdata-sections -fno-exceptions -g -mmcu=atmega2560 -DF_CPU=16000000UL -MMD -MP -MF"USB_Device_Implementation/USB_Device_Implementation.d" -MT"USB_Device_Implementation/USB_Device_Implementation.d"  -c -o "USB_Device_Implementation/USB_Device_Implementation.o" -x c++ "../USB_Device_Implementation/USB_Device_Implementation.cpp"
In file included from ../USB_Device_Implementation/USB_Device_Implementation.h:12,
                 from ../USB_Device_Implementation/USB_Device_Implementation.cpp:8:
Finished building: ../USB_Device_Implementation/USB_Device_Implementation.cpp
 
/Volumes/DataHDD/Documents/4th Year Project/Black-Box-Mouse-Interface/Arduino ADK USB Host/Arduino_ADK_USB_HOST/Arduino_HID_Joystick/USB_Implementation/USB_Structures.h:54: warning: 'typedef' was ignored in this declaration
Building file: ../USB_Device_Implementation/USB_State_Machine.cpp
Invoking: AVR C++ Compiler
avr-g++ -I"/Applications/Development/Arduino.app/Contents/Resources/Java/hardware/arduino/cores/arduino" -I"/Applications/Development/Arduino.app/Contents/Resources/Java/hardware/arduino/variants/mega" -I"/Volumes/DataHDD/Documents/4th Year Project/Black-Box-Mouse-Interface/Arduino ADK USB Host/Arduino_ADK_USB_HOST/Arduino_HID_Joystick" -D__IN_ECLIPSE__=1 -DUSB_VID= -DUSB_PID= -DARDUINO=100 -Wall -Os -ffunction-sections -fdata-sections -fno-exceptions -g -mmcu=atmega2560 -DF_CPU=16000000UL -MMD -MP -MF"USB_Device_Implementation/USB_State_Machine.d" -MT"USB_Device_Implementation/USB_State_Machine.d"  -c -o "USB_Device_Implementation/USB_State_Machine.o" -x c++ "../USB_Device_Implementation/USB_State_Machine.cpp"
../System_Defines/Main_Defines.h:35: warning: 'void error(void*, void*)' defined but not used
Finished building: ../USB_Device_Implementation/USB_State_Machine.cpp
 
Building file: ../System_Defines/Command_Interpreter.cpp
Invoking: AVR C++ Compiler
avr-g++ -I"/Applications/Development/Arduino.app/Contents/Resources/Java/hardware/arduino/cores/arduino" -I"/Applications/Development/Arduino.app/Contents/Resources/Java/hardware/arduino/variants/mega" -I"/Volumes/DataHDD/Documents/4th Year Project/Black-Box-Mouse-Interface/Arduino ADK USB Host/Arduino_ADK_USB_HOST/Arduino_HID_Joystick" -D__IN_ECLIPSE__=1 -DUSB_VID= -DUSB_PID= -DARDUINO=100 -Wall -Os -ffunction-sections -fdata-sections -fno-exceptions -g -mmcu=atmega2560 -DF_CPU=16000000UL -MMD -MP -MF"System_Defines/Command_Interpreter.d" -MT"System_Defines/Command_Interpreter.d"  -c -o "System_Defines/Command_Interpreter.o" -x c++ "../System_Defines/Command_Interpreter.cpp"
../System_Defines/NVRAM_API.cpp:14: warning: only initialized variables can be placed into program memory area
Finished building: ../System_Defines/Command_Interpreter.cpp
 
Building file: ../System_Defines/EEPROM.cpp
Invoking: AVR C++ Compiler
avr-g++ -I"/Applications/Development/Arduino.app/Contents/Resources/Java/hardware/arduino/cores/arduino" -I"/Applications/Development/Arduino.app/Contents/Resources/Java/hardware/arduino/variants/mega" -I"/Volumes/DataHDD/Documents/4th Year Project/Black-Box-Mouse-Interface/Arduino ADK USB Host/Arduino_ADK_USB_HOST/Arduino_HID_Joystick" -D__IN_ECLIPSE__=1 -DUSB_VID= -DUSB_PID= -DARDUINO=100 -Wall -Os -ffunction-sections -fdata-sections -fno-exceptions -g -mmcu=atmega2560 -DF_CPU=16000000UL -MMD -MP -MF"System_Defines/EEPROM.d" -MT"System_Defines/EEPROM.d"  -c -o "System_Defines/EEPROM.o" -x c++ "../System_Defines/EEPROM.cpp"
Finished building: ../System_Defines/EEPROM.cpp
 
Building file: ../System_Defines/Main_Defines.cpp
Invoking: AVR C++ Compiler
avr-g++ -I"/Applications/Development/Arduino.app/Contents/Resources/Java/hardware/arduino/cores/arduino" -I"/Applications/Development/Arduino.app/Contents/Resources/Java/hardware/arduino/variants/mega" -I"/Volumes/DataHDD/Documents/4th Year Project/Black-Box-Mouse-Interface/Arduino ADK USB Host/Arduino_ADK_USB_HOST/Arduino_HID_Joystick" -D__IN_ECLIPSE__=1 -DUSB_VID= -DUSB_PID= -DARDUINO=100 -Wall -Os -ffunction-sections -fdata-sections -fno-exceptions -g -mmcu=atmega2560 -DF_CPU=16000000UL -MMD -MP -MF"System_Defines/Main_Defines.d" -MT"System_Defines/Main_Defines.d"  -c -o "System_Defines/Main_Defines.o" -x c++ "../System_Defines/Main_Defines.cpp"
In file included from ../Emulation_Device_Implementation/Emulation_Device_Implementation.h:8,
                 from ../Emulation_Device_Implementation/Emulation_Device_Implementation.cpp:8:
/Volumes/DataHDD/Documents/4th Year Project/Black-Box-Mouse-Interface/Arduino ADK USB Host/Arduino_ADK_USB_HOST/Arduino_HID_Joystick/USB_Implementation/USB_Structures.h:54: warning: 'typedef' was ignored in this declaration
Finished building: ../System_Defines/Main_Defines.cpp
 
Building file: ../System_Defines/NVRAM_API.cpp
Invoking: AVR C++ Compiler
avr-g++ -I"/Applications/Development/Arduino.app/Contents/Resources/Java/hardware/arduino/cores/arduino" -I"/Applications/Development/Arduino.app/Contents/Resources/Java/hardware/arduino/variants/mega" -I"/Volumes/DataHDD/Documents/4th Year Project/Black-Box-Mouse-Interface/Arduino ADK USB Host/Arduino_ADK_USB_HOST/Arduino_HID_Joystick" -D__IN_ECLIPSE__=1 -DUSB_VID= -DUSB_PID= -DARDUINO=100 -Wall -Os -ffunction-sections -fdata-sections -fno-exceptions -g -mmcu=atmega2560 -DF_CPU=16000000UL -MMD -MP -MF"System_Defines/NVRAM_API.d" -MT"System_Defines/NVRAM_API.d"  -c -o "System_Defines/NVRAM_API.o" -x c++ "../System_Defines/NVRAM_API.cpp"
In file included from ../USB_Device_Implementation/USB_Device_Implementation.h:12,
                 from ../Arduino_HID_Joystick.h:41,
                 from ../Arduino_HID_Joystick.cpp:2:
Finished building: ../System_Defines/NVRAM_API.cpp
 
/Volumes/DataHDD/Documents/4th Year Project/Black-Box-Mouse-Interface/Arduino ADK USB Host/Arduino_ADK_USB_HOST/Arduino_HID_Joystick/USB_Implementation/USB_Structures.h:54: warning: 'typedef' was ignored in this declaration
Building file: ../System_Defines/Packet_Watchdog.cpp
Invoking: AVR C++ Compiler
avr-g++ -I"/Applications/Development/Arduino.app/Contents/Resources/Java/hardware/arduino/cores/arduino" -I"/Applications/Development/Arduino.app/Contents/Resources/Java/hardware/arduino/variants/mega" -I"/Volumes/DataHDD/Documents/4th Year Project/Black-Box-Mouse-Interface/Arduino ADK USB Host/Arduino_ADK_USB_HOST/Arduino_HID_Joystick" -D__IN_ECLIPSE__=1 -DUSB_VID= -DUSB_PID= -DARDUINO=100 -Wall -Os -ffunction-sections -fdata-sections -fno-exceptions -g -mmcu=atmega2560 -DF_CPU=16000000UL -MMD -MP -MF"System_Defines/Packet_Watchdog.d" -MT"System_Defines/Packet_Watchdog.d"  -c -o "System_Defines/Packet_Watchdog.o" -x c++ "../System_Defines/Packet_Watchdog.cpp"
Finished building: ../System_Defines/Packet_Watchdog.cpp
 
Building file: ../Sensor_Parser_Implementation/Packet_Handler.cpp
Invoking: AVR C++ Compiler
avr-g++ -I"/Applications/Development/Arduino.app/Contents/Resources/Java/hardware/arduino/cores/arduino" -I"/Applications/Development/Arduino.app/Contents/Resources/Java/hardware/arduino/variants/mega" -I"/Volumes/DataHDD/Documents/4th Year Project/Black-Box-Mouse-Interface/Arduino ADK USB Host/Arduino_ADK_USB_HOST/Arduino_HID_Joystick" -D__IN_ECLIPSE__=1 -DUSB_VID= -DUSB_PID= -DARDUINO=100 -Wall -Os -ffunction-sections -fdata-sections -fno-exceptions -g -mmcu=atmega2560 -DF_CPU=16000000UL -MMD -MP -MF"Sensor_Parser_Implementation/Packet_Handler.d" -MT"Sensor_Parser_Implementation/Packet_Handler.d"  -c -o "Sensor_Parser_Implementation/Packet_Handler.o" -x c++ "../Sensor_Parser_Implementation/Packet_Handler.cpp"
Finished building: ../Sensor_Parser_Implementation/Packet_Handler.cpp
 
Building file: ../Sensor_Parser_Implementation/Packet_Parser.cpp
Invoking: AVR C++ Compiler
avr-g++ -I"/Applications/Development/Arduino.app/Contents/Resources/Java/hardware/arduino/cores/arduino" -I"/Applications/Development/Arduino.app/Contents/Resources/Java/hardware/arduino/variants/mega" -I"/Volumes/DataHDD/Documents/4th Year Project/Black-Box-Mouse-Interface/Arduino ADK USB Host/Arduino_ADK_USB_HOST/Arduino_HID_Joystick" -D__IN_ECLIPSE__=1 -DUSB_VID= -DUSB_PID= -DARDUINO=100 -Wall -Os -ffunction-sections -fdata-sections -fno-exceptions -g -mmcu=atmega2560 -DF_CPU=16000000UL -MMD -MP -MF"Sensor_Parser_Implementation/Packet_Parser.d" -MT"Sensor_Parser_Implementation/Packet_Parser.d"  -c -o "Sensor_Parser_Implementation/Packet_Parser.o" -x c++ "../Sensor_Parser_Implementation/Packet_Parser.cpp"
Finished building: ../Sensor_Parser_Implementation/Packet_Parser.cpp
 
Building file: ../Emulation_Device_Implementation/Emulation_Device_Implementation.cpp
Invoking: AVR C++ Compiler
avr-g++ -I"/Applications/Development/Arduino.app/Contents/Resources/Java/hardware/arduino/cores/arduino" -I"/Applications/Development/Arduino.app/Contents/Resources/Java/hardware/arduino/variants/mega" -I"/Volumes/DataHDD/Documents/4th Year Project/Black-Box-Mouse-Interface/Arduino ADK USB Host/Arduino_ADK_USB_HOST/Arduino_HID_Joystick" -D__IN_ECLIPSE__=1 -DUSB_VID= -DUSB_PID= -DARDUINO=100 -Wall -Os -ffunction-sections -fdata-sections -fno-exceptions -g -mmcu=atmega2560 -DF_CPU=16000000UL -MMD -MP -MF"Emulation_Device_Implementation/Emulation_Device_Implementation.d" -MT"Emulation_Device_Implementation/Emulation_Device_Implementation.d"  -c -o "Emulation_Device_Implementation/Emulation_Device_Implementation.o" -x c++ "../Emulation_Device_Implementation/Emulation_Device_Implementation.cpp"
Finished building: ../Emulation_Device_Implementation/Emulation_Device_Implementation.cpp
 
Building file: ../Debug_API/Debug_LED_Function.cpp
Invoking: AVR C++ Compiler
avr-g++ -I"/Applications/Development/Arduino.app/Contents/Resources/Java/hardware/arduino/cores/arduino" -I"/Applications/Development/Arduino.app/Contents/Resources/Java/hardware/arduino/variants/mega" -I"/Volumes/DataHDD/Documents/4th Year Project/Black-Box-Mouse-Interface/Arduino ADK USB Host/Arduino_ADK_USB_HOST/Arduino_HID_Joystick" -D__IN_ECLIPSE__=1 -DUSB_VID= -DUSB_PID= -DARDUINO=100 -Wall -Os -ffunction-sections -fdata-sections -fno-exceptions -g -mmcu=atmega2560 -DF_CPU=16000000UL -MMD -MP -MF"Debug_API/Debug_LED_Function.d" -MT"Debug_API/Debug_LED_Function.d"  -c -o "Debug_API/Debug_LED_Function.o" -x c++ "../Debug_API/Debug_LED_Function.cpp"
Finished building: ../Debug_API/Debug_LED_Function.cpp
 
Building file: ../Arduino_HID_Joystick.cpp
Invoking: AVR C++ Compiler
avr-g++ -I"/Applications/Development/Arduino.app/Contents/Resources/Java/hardware/arduino/cores/arduino" -I"/Applications/Development/Arduino.app/Contents/Resources/Java/hardware/arduino/variants/mega" -I"/Volumes/DataHDD/Documents/4th Year Project/Black-Box-Mouse-Interface/Arduino ADK USB Host/Arduino_ADK_USB_HOST/Arduino_HID_Joystick" -D__IN_ECLIPSE__=1 -DUSB_VID= -DUSB_PID= -DARDUINO=100 -Wall -Os -ffunction-sections -fdata-sections -fno-exceptions -g -mmcu=atmega2560 -DF_CPU=16000000UL -MMD -MP -MF"Arduino_HID_Joystick.d" -MT"Arduino_HID_Joystick.d"  -c -o "Arduino_HID_Joystick.o" -x c++ "../Arduino_HID_Joystick.cpp"
Finished building: ../Arduino_HID_Joystick.cpp
 
Building target: Arduino_HID_Joystick.elf
Invoking: AVR C++ Linker
avr-gcc -Os -Wl,--gc-sections  -L"/Volumes/DataHDD/Documents/4th Year Project/Black-Box-Mouse-Interface/Arduino ADK USB Host/Arduino_ADK_USB_HOST/Arduino_Mega_2560_or_Mega_ADK/Release" -mmcu=atmega2560  -o"Arduino_HID_Joystick.elf"  ./USB_Device_Implementation/USB_Device_Implementation.o ./USB_Device_Implementation/USB_State_Machine.o  ./System_Defines/Command_Interpreter.o ./System_Defines/EEPROM.o ./System_Defines/Main_Defines.o ./System_Defines/NVRAM_API.o ./System_Defines/Packet_Watchdog.o  ./Sensor_Parser_Implementation/Packet_Handler.o ./Sensor_Parser_Implementation/Packet_Parser.o  ./Emulation_Device_Implementation/Emulation_Device_Implementation.o  ./Debug_API/Debug_LED_Function.o  ./Arduino_HID_Joystick.o   -l"Arduino_Mega_2560_or_Mega_ADK" -lm
Finished building target: Arduino_HID_Joystick.elf
 
Invoking: AVR Create Extended Listing
avr-objdump -h -S Arduino_HID_Joystick.elf  >"Arduino_HID_Joystick.lss"
Finished building: Arduino_HID_Joystick.lss
 
Create Flash image (ihex format)
avr-objcopy -R .eeprom -O ihex Arduino_HID_Joystick.elf  "Arduino_HID_Joystick.hex"
Finished building: Arduino_HID_Joystick.hex
 
Create eeprom image (ihex format)
avr-objcopy -j .eeprom --no-change-warnings --change-section-lma .eeprom=0 -O ihex Arduino_HID_Joystick.elf  "Arduino_HID_Joystick.eep"
Finished building: Arduino_HID_Joystick.eep
 
Invoking: Print Size
avr-size --format=avr --mcu=atmega2560 Arduino_HID_Joystick.elf
AVR Memory Usage
----------------
Device: atmega2560

Program:    9716 bytes (3.7% Full)
(.text + .data + .bootloader)

Data:       1074 bytes (13.1% Full)
(.data + .bss + .noinit)


Finished building: sizedummy
 
